{"C:\\Users\\User\\Desktop\\JackHsuWorkDirectory\\projects\\fdtigermaster-admin-web\\src\\components\\HelloWorld.vue": {"path":"C:\\Users\\User\\Desktop\\JackHsuWorkDirectory\\projects\\fdtigermaster-admin-web\\src\\components\\HelloWorld.vue","statementMap":{"0":{"start":{"line":11,"column":0},"end":{"line":11,"column":null}}},"fnMap":{"0":{"name":"(anonymous_1)","decl":{"start":{"line":10,"column":0},"end":{"line":10,"column":null}},"loc":{"start":{"line":10,"column":0},"end":{"line":14,"column":null}}}},"branchMap":{},"s":{"0":1},"f":{"0":1},"b":{}}
,"C:\\Users\\User\\Desktop\\JackHsuWorkDirectory\\projects\\fdtigermaster-admin-web\\test\\add.js": {"data":{"path":"C:\\Users\\User\\Desktop\\JackHsuWorkDirectory\\projects\\fdtigermaster-admin-web\\test\\add.js","statementMap":{"0":{"start":{"line":3,"column":4},"end":{"line":3,"column":17}},"1":{"start":{"line":5,"column":0},"end":{"line":5,"column":21}}},"fnMap":{"0":{"name":"add","decl":{"start":{"line":2,"column":9},"end":{"line":2,"column":12}},"loc":{"start":{"line":2,"column":19},"end":{"line":4,"column":1}},"line":2}},"branchMap":{},"s":{"0":2,"1":1},"f":{"0":2},"b":{},"_coverageSchema":"1a1c01bbd47fc00a2c39e90264f33305004495a9","hash":"ba1441ad55dcf0dd0a78b52746a8f83eecb49c69"}}
}
